This file contains any messages produced by compilers while
running configure, to aid debugging if configure makes a mistake.

It was created by hidapi configure 0.8.0-rc1, which was
generated by GNU Autoconf 2.68.  Invocation command line was

  $ ./configure --prefix /usr

## --------- ##
## Platform. ##
## --------- ##

hostname = grunt
uname -m = x86_64
uname -r = 2.6.43.8-1.fc15.x86_64
uname -s = Linux
uname -v = #1 SMP Mon Jun 4 20:33:44 UTC 2012

/usr/bin/uname -p = unknown
/bin/uname -X     = unknown

/bin/arch              = x86_64
/usr/bin/arch -k       = unknown
/usr/convex/getsysinfo = unknown
/usr/bin/hostinfo      = unknown
/bin/machine           = unknown
/usr/bin/oslevel       = unknown
/bin/universe          = unknown

PATH: /home/paul
PATH: /home/paul/bin
PATH: /home/paul/sat/codesorc/arm-2011.09/bin
PATH: /usr/bin
PATH: /bin
PATH: /usr/ucb
PATH: /usr/bsd
PATH: /usr/sbin
PATH: /etc
PATH: /usr/etc
PATH: /usr/local/bin


## ----------- ##
## Core tests. ##
## ----------- ##

configure:2382: checking for a BSD-compatible install
configure:2450: result: /usr/bin/install -c
configure:2461: checking whether build environment is sane
configure:2511: result: yes
configure:2652: checking for a thread-safe mkdir -p
configure:2691: result: /bin/mkdir -p
configure:2704: checking for gawk
configure:2720: found /usr/bin/gawk
configure:2731: result: gawk
configure:2742: checking whether make sets $(MAKE)
configure:2764: result: yes
configure:2876: checking build system type
configure:2890: result: x86_64-unknown-linux-gnu
configure:2910: checking host system type
configure:2923: result: x86_64-unknown-linux-gnu
configure:2964: checking how to print strings
configure:2991: result: printf
configure:3024: checking for style of include used by make
configure:3052: result: GNU
configure:3122: checking for gcc
configure:3138: found /usr/bin/gcc
configure:3149: result: gcc
configure:3378: checking for C compiler version
configure:3387: gcc --version >&5
gcc (GCC) 4.6.3 20120306 (Red Hat 4.6.3-2)
Copyright (C) 2011 Free Software Foundation, Inc.
This is free software; see the source for copying conditions.  There is NO
warranty; not even for MERCHANTABILITY or FITNESS FOR A PARTICULAR PURPOSE.

configure:3398: $? = 0
configure:3387: gcc -v >&5
Using built-in specs.
COLLECT_GCC=gcc
COLLECT_LTO_WRAPPER=/usr/libexec/gcc/x86_64-redhat-linux/4.6.3/lto-wrapper
Target: x86_64-redhat-linux
Configured with: ../configure --prefix=/usr --mandir=/usr/share/man --infodir=/usr/share/info --with-bugurl=http://bugzilla.redhat.com/bugzilla --enable-bootstrap --enable-shared --enable-threads=posix --enable-checking=release --with-system-zlib --enable-__cxa_atexit --disable-libunwind-exceptions --enable-gnu-unique-object --enable-linker-build-id --enable-languages=c,c++,objc,obj-c++,java,fortran,ada,go,lto --enable-plugin --enable-java-awt=gtk --disable-dssi --with-java-home=/usr/lib/jvm/java-1.5.0-gcj-1.5.0.0/jre --enable-libgcj-multifile --enable-java-maintainer-mode --with-ecj-jar=/usr/share/java/eclipse-ecj.jar --disable-libjava-multilib --with-ppl --with-cloog --with-tune=generic --with-arch_32=i686 --build=x86_64-redhat-linux
Thread model: posix
gcc version 4.6.3 20120306 (Red Hat 4.6.3-2) (GCC) 
configure:3398: $? = 0
configure:3387: gcc -V >&5
gcc: error: unrecognized option '-V'
gcc: fatal error: no input files
compilation terminated.
configure:3398: $? = 4
configure:3387: gcc -qversion >&5
gcc: error: unrecognized option '-qversion'
gcc: fatal error: no input files
compilation terminated.
configure:3398: $? = 4
configure:3418: checking whether the C compiler works
configure:3440: gcc    conftest.c  >&5
configure:3444: $? = 0
configure:3492: result: yes
configure:3495: checking for C compiler default output file name
configure:3497: result: a.out
configure:3503: checking for suffix of executables
configure:3510: gcc -o conftest    conftest.c  >&5
configure:3514: $? = 0
configure:3536: result: 
configure:3558: checking whether we are cross compiling
configure:3566: gcc -o conftest    conftest.c  >&5
configure:3570: $? = 0
configure:3577: ./conftest
configure:3581: $? = 0
configure:3596: result: no
configure:3601: checking for suffix of object files
configure:3623: gcc -c   conftest.c >&5
configure:3627: $? = 0
configure:3648: result: o
configure:3652: checking whether we are using the GNU C compiler
configure:3671: gcc -c   conftest.c >&5
configure:3671: $? = 0
configure:3680: result: yes
configure:3689: checking whether gcc accepts -g
configure:3709: gcc -c -g  conftest.c >&5
configure:3709: $? = 0
configure:3750: result: yes
configure:3767: checking for gcc option to accept ISO C89
configure:3831: gcc  -c -g -O2  conftest.c >&5
configure:3831: $? = 0
configure:3844: result: none needed
configure:3866: checking dependency style of gcc
configure:3976: result: gcc3
configure:3991: checking for a sed that does not truncate output
configure:4055: result: /bin/sed
configure:4073: checking for grep that handles long lines and -e
configure:4131: result: /bin/grep
configure:4136: checking for egrep
configure:4198: result: /bin/grep -E
configure:4203: checking for fgrep
configure:4265: result: /bin/grep -F
configure:4300: checking for ld used by gcc
configure:4367: result: /usr/bin/ld
configure:4374: checking if the linker (/usr/bin/ld) is GNU ld
configure:4389: result: yes
configure:4401: checking for BSD- or MS-compatible name lister (nm)
configure:4450: result: /usr/bin/nm -B
configure:4580: checking the name lister (/usr/bin/nm -B) interface
configure:4587: gcc -c -g -O2  conftest.c >&5
configure:4590: /usr/bin/nm -B "conftest.o"
configure:4593: output
0000000000000000 B some_variable
configure:4600: result: BSD nm
configure:4603: checking whether ln -s works
configure:4607: result: yes
configure:4615: checking the maximum length of command line arguments
configure:4740: result: 1572864
configure:4757: checking whether the shell understands some XSI constructs
configure:4767: result: yes
configure:4771: checking whether the shell understands "+="
configure:4777: result: yes
configure:4812: checking how to convert x86_64-unknown-linux-gnu file names to x86_64-unknown-linux-gnu format
configure:4852: result: func_convert_file_noop
configure:4859: checking how to convert x86_64-unknown-linux-gnu file names to toolchain format
configure:4879: result: func_convert_file_noop
configure:4886: checking for /usr/bin/ld option to reload object files
configure:4893: result: -r
configure:4967: checking for objdump
configure:4983: found /usr/bin/objdump
configure:4994: result: objdump
configure:5026: checking how to recognize dependent libraries
configure:5228: result: pass_all
configure:5313: checking for dlltool
configure:5343: result: no
configure:5373: checking how to associate runtime and link libraries
configure:5400: result: printf %s\n
configure:5461: checking for ar
configure:5477: found /usr/bin/ar
configure:5488: result: ar
configure:5525: checking for archiver @FILE support
configure:5542: gcc -c -g -O2  conftest.c >&5
configure:5542: $? = 0
configure:5545: ar cru libconftest.a @conftest.lst >&5
configure:5548: $? = 0
configure:5553: ar cru libconftest.a @conftest.lst >&5
ar: conftest.o: No such file or directory
configure:5556: $? = 1
configure:5568: result: @
configure:5626: checking for strip
configure:5642: found /usr/bin/strip
configure:5653: result: strip
configure:5725: checking for ranlib
configure:5741: found /usr/bin/ranlib
configure:5752: result: ranlib
configure:5854: checking command to parse /usr/bin/nm -B output from gcc object
configure:5973: gcc -c -g -O2  conftest.c >&5
configure:5976: $? = 0
configure:5980: /usr/bin/nm -B conftest.o \| sed -n -e 's/^.*[ ]\([ABCDGIRSTW][ABCDGIRSTW]*\)[ ][ ]*\([_A-Za-z][_A-Za-z0-9]*\)$/\1 \2 \2/p' | sed '/ __gnu_lto/d' \> conftest.nm
configure:5983: $? = 0
configure:6049: gcc -o conftest -g -O2   conftest.c conftstm.o >&5
configure:6052: $? = 0
configure:6090: result: ok
configure:6127: checking for sysroot
configure:6157: result: no
configure:6234: gcc -c -g -O2  conftest.c >&5
configure:6237: $? = 0
configure:6400: checking for mt
configure:6430: result: no
configure:6450: checking if : is a manifest tool
configure:6456: : '-?'
configure:6464: result: no
configure:7096: checking how to run the C preprocessor
configure:7127: gcc -E  conftest.c
configure:7127: $? = 0
configure:7141: gcc -E  conftest.c
conftest.c:11:28: fatal error: ac_nonexistent.h: No such file or directory
compilation terminated.
configure:7141: $? = 1
configure: failed program was:
| /* confdefs.h */
| #define PACKAGE_NAME "hidapi"
| #define PACKAGE_TARNAME "hidapi"
| #define PACKAGE_VERSION "0.8.0-rc1"
| #define PACKAGE_STRING "hidapi 0.8.0-rc1"
| #define PACKAGE_BUGREPORT "alan@signal11.us"
| #define PACKAGE_URL ""
| #define PACKAGE "hidapi"
| #define VERSION "0.8.0-rc1"
| /* end confdefs.h.  */
| #include <ac_nonexistent.h>
configure:7166: result: gcc -E
configure:7186: gcc -E  conftest.c
configure:7186: $? = 0
configure:7200: gcc -E  conftest.c
conftest.c:11:28: fatal error: ac_nonexistent.h: No such file or directory
compilation terminated.
configure:7200: $? = 1
configure: failed program was:
| /* confdefs.h */
| #define PACKAGE_NAME "hidapi"
| #define PACKAGE_TARNAME "hidapi"
| #define PACKAGE_VERSION "0.8.0-rc1"
| #define PACKAGE_STRING "hidapi 0.8.0-rc1"
| #define PACKAGE_BUGREPORT "alan@signal11.us"
| #define PACKAGE_URL ""
| #define PACKAGE "hidapi"
| #define VERSION "0.8.0-rc1"
| /* end confdefs.h.  */
| #include <ac_nonexistent.h>
configure:7229: checking for ANSI C header files
configure:7249: gcc -c -g -O2  conftest.c >&5
configure:7249: $? = 0
configure:7322: gcc -o conftest -g -O2   conftest.c  >&5
configure:7322: $? = 0
configure:7322: ./conftest
configure:7322: $? = 0
configure:7333: result: yes
configure:7346: checking for sys/types.h
configure:7346: gcc -c -g -O2  conftest.c >&5
configure:7346: $? = 0
configure:7346: result: yes
configure:7346: checking for sys/stat.h
configure:7346: gcc -c -g -O2  conftest.c >&5
configure:7346: $? = 0
configure:7346: result: yes
configure:7346: checking for stdlib.h
configure:7346: gcc -c -g -O2  conftest.c >&5
configure:7346: $? = 0
configure:7346: result: yes
configure:7346: checking for string.h
configure:7346: gcc -c -g -O2  conftest.c >&5
configure:7346: $? = 0
configure:7346: result: yes
configure:7346: checking for memory.h
configure:7346: gcc -c -g -O2  conftest.c >&5
configure:7346: $? = 0
configure:7346: result: yes
configure:7346: checking for strings.h
configure:7346: gcc -c -g -O2  conftest.c >&5
configure:7346: $? = 0
configure:7346: result: yes
configure:7346: checking for inttypes.h
configure:7346: gcc -c -g -O2  conftest.c >&5
configure:7346: $? = 0
configure:7346: result: yes
configure:7346: checking for stdint.h
configure:7346: gcc -c -g -O2  conftest.c >&5
configure:7346: $? = 0
configure:7346: result: yes
configure:7346: checking for unistd.h
configure:7346: gcc -c -g -O2  conftest.c >&5
configure:7346: $? = 0
configure:7346: result: yes
configure:7360: checking for dlfcn.h
configure:7360: gcc -c -g -O2  conftest.c >&5
configure:7360: $? = 0
configure:7360: result: yes
configure:7547: checking for objdir
configure:7562: result: .libs
configure:7833: checking if gcc supports -fno-rtti -fno-exceptions
configure:7851: gcc -c -g -O2  -fno-rtti -fno-exceptions conftest.c >&5
cc1: warning: command line option '-fno-rtti' is valid for C++/ObjC++ but not for C [enabled by default]
configure:7855: $? = 0
configure:7868: result: no
configure:8178: checking for gcc option to produce PIC
configure:8185: result: -fPIC -DPIC
configure:8193: checking if gcc PIC flag -fPIC -DPIC works
configure:8211: gcc -c -g -O2  -fPIC -DPIC -DPIC conftest.c >&5
configure:8215: $? = 0
configure:8228: result: yes
configure:8257: checking if gcc static flag -static works
configure:8285: result: yes
configure:8300: checking if gcc supports -c -o file.o
configure:8321: gcc -c -g -O2  -o out/conftest2.o conftest.c >&5
configure:8325: $? = 0
configure:8347: result: yes
configure:8355: checking if gcc supports -c -o file.o
configure:8402: result: yes
configure:8435: checking whether the gcc linker (/usr/bin/ld -m elf_x86_64) supports shared libraries
configure:9593: result: yes
configure:9630: checking whether -lc should be explicitly linked in
configure:9638: gcc -c -g -O2  conftest.c >&5
configure:9641: $? = 0
configure:9656: gcc -shared  -fPIC -DPIC conftest.o  -v -Wl,-soname -Wl,conftest -o conftest 2\>\&1 \| /bin/grep  -lc  \>/dev/null 2\>\&1
configure:9659: $? = 0
configure:9673: result: no
configure:9838: checking dynamic linker characteristics
configure:10352: gcc -o conftest -g -O2   -Wl,-rpath -Wl,/foo conftest.c  >&5
configure:10352: $? = 0
configure:10578: result: GNU/Linux ld.so
configure:10685: checking how to hardcode library paths into programs
configure:10710: result: immediate
configure:11250: checking whether stripping libraries is possible
configure:11255: result: yes
configure:11290: checking if libtool supports shared libraries
configure:11292: result: yes
configure:11295: checking whether to build shared libraries
configure:11316: result: yes
configure:11319: checking whether to build static libraries
configure:11323: result: yes
configure:11407: checking for gcc
configure:11434: result: gcc
configure:11663: checking for C compiler version
configure:11672: gcc --version >&5
gcc (GCC) 4.6.3 20120306 (Red Hat 4.6.3-2)
Copyright (C) 2011 Free Software Foundation, Inc.
This is free software; see the source for copying conditions.  There is NO
warranty; not even for MERCHANTABILITY or FITNESS FOR A PARTICULAR PURPOSE.

configure:11683: $? = 0
configure:11672: gcc -v >&5
Using built-in specs.
COLLECT_GCC=gcc
COLLECT_LTO_WRAPPER=/usr/libexec/gcc/x86_64-redhat-linux/4.6.3/lto-wrapper
Target: x86_64-redhat-linux
Configured with: ../configure --prefix=/usr --mandir=/usr/share/man --infodir=/usr/share/info --with-bugurl=http://bugzilla.redhat.com/bugzilla --enable-bootstrap --enable-shared --enable-threads=posix --enable-checking=release --with-system-zlib --enable-__cxa_atexit --disable-libunwind-exceptions --enable-gnu-unique-object --enable-linker-build-id --enable-languages=c,c++,objc,obj-c++,java,fortran,ada,go,lto --enable-plugin --enable-java-awt=gtk --disable-dssi --with-java-home=/usr/lib/jvm/java-1.5.0-gcj-1.5.0.0/jre --enable-libgcj-multifile --enable-java-maintainer-mode --with-ecj-jar=/usr/share/java/eclipse-ecj.jar --disable-libjava-multilib --with-ppl --with-cloog --with-tune=generic --with-arch_32=i686 --build=x86_64-redhat-linux
Thread model: posix
gcc version 4.6.3 20120306 (Red Hat 4.6.3-2) (GCC) 
configure:11683: $? = 0
configure:11672: gcc -V >&5
gcc: error: unrecognized option '-V'
gcc: fatal error: no input files
compilation terminated.
configure:11683: $? = 4
configure:11672: gcc -qversion >&5
gcc: error: unrecognized option '-qversion'
gcc: fatal error: no input files
compilation terminated.
configure:11683: $? = 4
configure:11687: checking whether we are using the GNU C compiler
configure:11715: result: yes
configure:11724: checking whether gcc accepts -g
configure:11785: result: yes
configure:11802: checking for gcc option to accept ISO C89
configure:11879: result: none needed
configure:11901: checking dependency style of gcc
configure:12011: result: gcc3
configure:12084: checking for g++
configure:12100: found /usr/bin/g++
configure:12111: result: g++
configure:12138: checking for C++ compiler version
configure:12147: g++ --version >&5
g++ (GCC) 4.6.3 20120306 (Red Hat 4.6.3-2)
Copyright (C) 2011 Free Software Foundation, Inc.
This is free software; see the source for copying conditions.  There is NO
warranty; not even for MERCHANTABILITY or FITNESS FOR A PARTICULAR PURPOSE.

configure:12158: $? = 0
configure:12147: g++ -v >&5
Using built-in specs.
COLLECT_GCC=g++
COLLECT_LTO_WRAPPER=/usr/libexec/gcc/x86_64-redhat-linux/4.6.3/lto-wrapper
Target: x86_64-redhat-linux
Configured with: ../configure --prefix=/usr --mandir=/usr/share/man --infodir=/usr/share/info --with-bugurl=http://bugzilla.redhat.com/bugzilla --enable-bootstrap --enable-shared --enable-threads=posix --enable-checking=release --with-system-zlib --enable-__cxa_atexit --disable-libunwind-exceptions --enable-gnu-unique-object --enable-linker-build-id --enable-languages=c,c++,objc,obj-c++,java,fortran,ada,go,lto --enable-plugin --enable-java-awt=gtk --disable-dssi --with-java-home=/usr/lib/jvm/java-1.5.0-gcj-1.5.0.0/jre --enable-libgcj-multifile --enable-java-maintainer-mode --with-ecj-jar=/usr/share/java/eclipse-ecj.jar --disable-libjava-multilib --with-ppl --with-cloog --with-tune=generic --with-arch_32=i686 --build=x86_64-redhat-linux
Thread model: posix
gcc version 4.6.3 20120306 (Red Hat 4.6.3-2) (GCC) 
configure:12158: $? = 0
configure:12147: g++ -V >&5
g++: error: unrecognized option '-V'
g++: fatal error: no input files
compilation terminated.
configure:12158: $? = 4
configure:12147: g++ -qversion >&5
g++: error: unrecognized option '-qversion'
g++: fatal error: no input files
compilation terminated.
configure:12158: $? = 4
configure:12162: checking whether we are using the GNU C++ compiler
configure:12181: g++ -c   conftest.cpp >&5
configure:12181: $? = 0
configure:12190: result: yes
configure:12199: checking whether g++ accepts -g
configure:12219: g++ -c -g  conftest.cpp >&5
configure:12219: $? = 0
configure:12260: result: yes
configure:12285: checking dependency style of g++
configure:12395: result: gcc3
configure:12428: checking how to run the C++ preprocessor
configure:12455: g++ -E  conftest.cpp
configure:12455: $? = 0
configure:12469: g++ -E  conftest.cpp
conftest.cpp:23:28: fatal error: ac_nonexistent.h: No such file or directory
compilation terminated.
configure:12469: $? = 1
configure: failed program was:
| /* confdefs.h */
| #define PACKAGE_NAME "hidapi"
| #define PACKAGE_TARNAME "hidapi"
| #define PACKAGE_VERSION "0.8.0-rc1"
| #define PACKAGE_STRING "hidapi 0.8.0-rc1"
| #define PACKAGE_BUGREPORT "alan@signal11.us"
| #define PACKAGE_URL ""
| #define PACKAGE "hidapi"
| #define VERSION "0.8.0-rc1"
| #define STDC_HEADERS 1
| #define HAVE_SYS_TYPES_H 1
| #define HAVE_SYS_STAT_H 1
| #define HAVE_STDLIB_H 1
| #define HAVE_STRING_H 1
| #define HAVE_MEMORY_H 1
| #define HAVE_STRINGS_H 1
| #define HAVE_INTTYPES_H 1
| #define HAVE_STDINT_H 1
| #define HAVE_UNISTD_H 1
| #define HAVE_DLFCN_H 1
| #define LT_OBJDIR ".libs/"
| /* end confdefs.h.  */
| #include <ac_nonexistent.h>
configure:12494: result: g++ -E
configure:12514: g++ -E  conftest.cpp
configure:12514: $? = 0
configure:12528: g++ -E  conftest.cpp
conftest.cpp:23:28: fatal error: ac_nonexistent.h: No such file or directory
compilation terminated.
configure:12528: $? = 1
configure: failed program was:
| /* confdefs.h */
| #define PACKAGE_NAME "hidapi"
| #define PACKAGE_TARNAME "hidapi"
| #define PACKAGE_VERSION "0.8.0-rc1"
| #define PACKAGE_STRING "hidapi 0.8.0-rc1"
| #define PACKAGE_BUGREPORT "alan@signal11.us"
| #define PACKAGE_URL ""
| #define PACKAGE "hidapi"
| #define VERSION "0.8.0-rc1"
| #define STDC_HEADERS 1
| #define HAVE_SYS_TYPES_H 1
| #define HAVE_SYS_STAT_H 1
| #define HAVE_STDLIB_H 1
| #define HAVE_STRING_H 1
| #define HAVE_MEMORY_H 1
| #define HAVE_STRINGS_H 1
| #define HAVE_INTTYPES_H 1
| #define HAVE_STDINT_H 1
| #define HAVE_UNISTD_H 1
| #define HAVE_DLFCN_H 1
| #define LT_OBJDIR ".libs/"
| /* end confdefs.h.  */
| #include <ac_nonexistent.h>
configure:12698: checking for ld used by g++
configure:12765: result: /usr/bin/ld -m elf_x86_64
configure:12772: checking if the linker (/usr/bin/ld -m elf_x86_64) is GNU ld
configure:12787: result: yes
configure:12842: checking whether the g++ linker (/usr/bin/ld -m elf_x86_64) supports shared libraries
configure:13846: result: yes
configure:13881: g++ -c -g -O2  conftest.cpp >&5
configure:13884: $? = 0
configure:14404: checking for g++ option to produce PIC
configure:14411: result: -fPIC -DPIC
configure:14419: checking if g++ PIC flag -fPIC -DPIC works
configure:14437: g++ -c -g -O2  -fPIC -DPIC -DPIC conftest.cpp >&5
configure:14441: $? = 0
configure:14454: result: yes
configure:14477: checking if g++ static flag -static works
configure:14505: result: yes
configure:14517: checking if g++ supports -c -o file.o
configure:14538: g++ -c -g -O2  -o out/conftest2.o conftest.cpp >&5
configure:14542: $? = 0
configure:14564: result: yes
configure:14569: checking if g++ supports -c -o file.o
configure:14616: result: yes
configure:14646: checking whether the g++ linker (/usr/bin/ld -m elf_x86_64) supports shared libraries
configure:14680: result: yes
configure:14823: checking dynamic linker characteristics
configure:15497: result: GNU/Linux ld.so
configure:15550: checking how to hardcode library paths into programs
configure:15575: result: immediate
configure:15669: checking for gcc
configure:15685: found /usr/bin/gcc
configure:15696: result: gcc
configure:15721: checking for Objective C compiler version
configure:15730: gcc --version >&5
gcc (GCC) 4.6.3 20120306 (Red Hat 4.6.3-2)
Copyright (C) 2011 Free Software Foundation, Inc.
This is free software; see the source for copying conditions.  There is NO
warranty; not even for MERCHANTABILITY or FITNESS FOR A PARTICULAR PURPOSE.

configure:15741: $? = 0
configure:15730: gcc -v >&5
Using built-in specs.
COLLECT_GCC=gcc
COLLECT_LTO_WRAPPER=/usr/libexec/gcc/x86_64-redhat-linux/4.6.3/lto-wrapper
Target: x86_64-redhat-linux
Configured with: ../configure --prefix=/usr --mandir=/usr/share/man --infodir=/usr/share/info --with-bugurl=http://bugzilla.redhat.com/bugzilla --enable-bootstrap --enable-shared --enable-threads=posix --enable-checking=release --with-system-zlib --enable-__cxa_atexit --disable-libunwind-exceptions --enable-gnu-unique-object --enable-linker-build-id --enable-languages=c,c++,objc,obj-c++,java,fortran,ada,go,lto --enable-plugin --enable-java-awt=gtk --disable-dssi --with-java-home=/usr/lib/jvm/java-1.5.0-gcj-1.5.0.0/jre --enable-libgcj-multifile --enable-java-maintainer-mode --with-ecj-jar=/usr/share/java/eclipse-ecj.jar --disable-libjava-multilib --with-ppl --with-cloog --with-tune=generic --with-arch_32=i686 --build=x86_64-redhat-linux
Thread model: posix
gcc version 4.6.3 20120306 (Red Hat 4.6.3-2) (GCC) 
configure:15741: $? = 0
configure:15730: gcc -V >&5
gcc: error: unrecognized option '-V'
gcc: fatal error: no input files
compilation terminated.
configure:15741: $? = 4
configure:15730: gcc -qversion >&5
gcc: error: unrecognized option '-qversion'
gcc: fatal error: no input files
compilation terminated.
configure:15741: $? = 4
configure:15745: checking whether we are using the GNU Objective C compiler
configure:15764: gcc -c   conftest.m >&5
gcc: error trying to exec 'cc1obj': execvp: No such file or directory
configure:15764: $? = 1
configure: failed program was:
| /* confdefs.h */
| #define PACKAGE_NAME "hidapi"
| #define PACKAGE_TARNAME "hidapi"
| #define PACKAGE_VERSION "0.8.0-rc1"
| #define PACKAGE_STRING "hidapi 0.8.0-rc1"
| #define PACKAGE_BUGREPORT "alan@signal11.us"
| #define PACKAGE_URL ""
| #define PACKAGE "hidapi"
| #define VERSION "0.8.0-rc1"
| #define STDC_HEADERS 1
| #define HAVE_SYS_TYPES_H 1
| #define HAVE_SYS_STAT_H 1
| #define HAVE_STDLIB_H 1
| #define HAVE_STRING_H 1
| #define HAVE_MEMORY_H 1
| #define HAVE_STRINGS_H 1
| #define HAVE_INTTYPES_H 1
| #define HAVE_STDINT_H 1
| #define HAVE_UNISTD_H 1
| #define HAVE_DLFCN_H 1
| #define LT_OBJDIR ".libs/"
| /* end confdefs.h.  */
| 
| int
| main ()
| {
| #ifndef __GNUC__
|        choke me
| #endif
| 
|   ;
|   return 0;
| }
configure:15773: result: no
configure:15782: checking whether gcc accepts -g
configure:15802: gcc -c -g  conftest.m >&5
gcc: error trying to exec 'cc1obj': execvp: No such file or directory
configure:15802: $? = 1
configure: failed program was:
| /* confdefs.h */
| #define PACKAGE_NAME "hidapi"
| #define PACKAGE_TARNAME "hidapi"
| #define PACKAGE_VERSION "0.8.0-rc1"
| #define PACKAGE_STRING "hidapi 0.8.0-rc1"
| #define PACKAGE_BUGREPORT "alan@signal11.us"
| #define PACKAGE_URL ""
| #define PACKAGE "hidapi"
| #define VERSION "0.8.0-rc1"
| #define STDC_HEADERS 1
| #define HAVE_SYS_TYPES_H 1
| #define HAVE_SYS_STAT_H 1
| #define HAVE_STDLIB_H 1
| #define HAVE_STRING_H 1
| #define HAVE_MEMORY_H 1
| #define HAVE_STRINGS_H 1
| #define HAVE_INTTYPES_H 1
| #define HAVE_STDINT_H 1
| #define HAVE_UNISTD_H 1
| #define HAVE_DLFCN_H 1
| #define LT_OBJDIR ".libs/"
| /* end confdefs.h.  */
| 
| int
| main ()
| {
| 
|   ;
|   return 0;
| }
configure:15817: gcc -c   conftest.m >&5
gcc: error trying to exec 'cc1obj': execvp: No such file or directory
configure:15817: $? = 1
configure: failed program was:
| /* confdefs.h */
| #define PACKAGE_NAME "hidapi"
| #define PACKAGE_TARNAME "hidapi"
| #define PACKAGE_VERSION "0.8.0-rc1"
| #define PACKAGE_STRING "hidapi 0.8.0-rc1"
| #define PACKAGE_BUGREPORT "alan@signal11.us"
| #define PACKAGE_URL ""
| #define PACKAGE "hidapi"
| #define VERSION "0.8.0-rc1"
| #define STDC_HEADERS 1
| #define HAVE_SYS_TYPES_H 1
| #define HAVE_SYS_STAT_H 1
| #define HAVE_STDLIB_H 1
| #define HAVE_STRING_H 1
| #define HAVE_MEMORY_H 1
| #define HAVE_STRINGS_H 1
| #define HAVE_INTTYPES_H 1
| #define HAVE_STDINT_H 1
| #define HAVE_UNISTD_H 1
| #define HAVE_DLFCN_H 1
| #define LT_OBJDIR ".libs/"
| /* end confdefs.h.  */
| 
| int
| main ()
| {
| 
|   ;
|   return 0;
| }
configure:15833: gcc -c -g  conftest.m >&5
gcc: error trying to exec 'cc1obj': execvp: No such file or directory
configure:15833: $? = 1
configure: failed program was:
| /* confdefs.h */
| #define PACKAGE_NAME "hidapi"
| #define PACKAGE_TARNAME "hidapi"
| #define PACKAGE_VERSION "0.8.0-rc1"
| #define PACKAGE_STRING "hidapi 0.8.0-rc1"
| #define PACKAGE_BUGREPORT "alan@signal11.us"
| #define PACKAGE_URL ""
| #define PACKAGE "hidapi"
| #define VERSION "0.8.0-rc1"
| #define STDC_HEADERS 1
| #define HAVE_SYS_TYPES_H 1
| #define HAVE_SYS_STAT_H 1
| #define HAVE_STDLIB_H 1
| #define HAVE_STRING_H 1
| #define HAVE_MEMORY_H 1
| #define HAVE_STRINGS_H 1
| #define HAVE_INTTYPES_H 1
| #define HAVE_STDINT_H 1
| #define HAVE_UNISTD_H 1
| #define HAVE_DLFCN_H 1
| #define LT_OBJDIR ".libs/"
| /* end confdefs.h.  */
| 
| int
| main ()
| {
| 
|   ;
|   return 0;
| }
configure:15843: result: no
configure:15868: checking dependency style of gcc
configure:15976: result: gcc3
configure:16040: checking for pkg-config
configure:16058: found /usr/bin/pkg-config
configure:16070: result: /usr/bin/pkg-config
configure:16095: checking pkg-config is at least version 0.9.0
configure:16098: result: yes
configure:16139: checking operating system
configure:16141: result: x86_64-unknown-linux-gnu
configure:16145: result:  (Linux back-end)
configure:16158: checking for libudev
configure:16166: $PKG_CONFIG --exists --print-errors "libudev"
configure:16169: $? = 0
configure:16184: $PKG_CONFIG --exists --print-errors "libudev"
configure:16187: $? = 0
configure:16223: result: yes
configure:16231: checking for clock_gettime in -lrt
configure:16256: gcc -o conftest -g -O2   conftest.c -lrt   >&5
configure:16256: $? = 0
configure:16265: result: yes
configure:16275: checking for libusb
configure:16283: $PKG_CONFIG --exists --print-errors "libusb-1.0 >= 1.0.9"
configure:16286: $? = 0
configure:16301: $PKG_CONFIG --exists --print-errors "libusb-1.0 >= 1.0.9"
configure:16304: $? = 0
configure:16340: result: yes
configure:16664: checking for the pthreads library -lpthreads
configure:16702: gcc -o conftest -g -O2    conftest.c -lpthreads  >&5
/usr/bin/ld: cannot find -lpthreads
collect2: ld returned 1 exit status
configure:16702: $? = 1
configure: failed program was:
| /* confdefs.h */
| #define PACKAGE_NAME "hidapi"
| #define PACKAGE_TARNAME "hidapi"
| #define PACKAGE_VERSION "0.8.0-rc1"
| #define PACKAGE_STRING "hidapi 0.8.0-rc1"
| #define PACKAGE_BUGREPORT "alan@signal11.us"
| #define PACKAGE_URL ""
| #define PACKAGE "hidapi"
| #define VERSION "0.8.0-rc1"
| #define STDC_HEADERS 1
| #define HAVE_SYS_TYPES_H 1
| #define HAVE_SYS_STAT_H 1
| #define HAVE_STDLIB_H 1
| #define HAVE_STRING_H 1
| #define HAVE_MEMORY_H 1
| #define HAVE_STRINGS_H 1
| #define HAVE_INTTYPES_H 1
| #define HAVE_STDINT_H 1
| #define HAVE_UNISTD_H 1
| #define HAVE_DLFCN_H 1
| #define LT_OBJDIR ".libs/"
| #define OS_LINUX 1
| /* end confdefs.h.  */
| #include <pthread.h>
|                         static void routine(void *a) { a = 0; }
|                         static void *start_routine(void *a) { return a; }
| int
| main ()
| {
| pthread_t th; pthread_attr_t attr;
|                         pthread_create(&th, 0, start_routine, 0);
|                         pthread_join(th, 0);
|                         pthread_attr_init(&attr);
|                         pthread_cleanup_push(routine, 0);
|                         pthread_cleanup_pop(0) /* ; */
|   ;
|   return 0;
| }
configure:16711: result: no
configure:16609: checking whether pthreads work without any flags
configure:16702: gcc -o conftest -g -O2    conftest.c   >&5
/tmp/ccq4q4qY.o: In function `main':
/home/paul/xfer_grunt/bootloader_an1388/pic32usb1388_v1.0/hidapi/hidapi/conftest.c:31: undefined reference to `pthread_create'
/home/paul/xfer_grunt/bootloader_an1388/pic32usb1388_v1.0/hidapi/hidapi/conftest.c:32: undefined reference to `pthread_join'
/home/paul/xfer_grunt/bootloader_an1388/pic32usb1388_v1.0/hidapi/hidapi/conftest.c:34: undefined reference to `__pthread_register_cancel'
/home/paul/xfer_grunt/bootloader_an1388/pic32usb1388_v1.0/hidapi/hidapi/conftest.c:35: undefined reference to `__pthread_unregister_cancel'
collect2: ld returned 1 exit status
configure:16702: $? = 1
configure: failed program was:
| /* confdefs.h */
| #define PACKAGE_NAME "hidapi"
| #define PACKAGE_TARNAME "hidapi"
| #define PACKAGE_VERSION "0.8.0-rc1"
| #define PACKAGE_STRING "hidapi 0.8.0-rc1"
| #define PACKAGE_BUGREPORT "alan@signal11.us"
| #define PACKAGE_URL ""
| #define PACKAGE "hidapi"
| #define VERSION "0.8.0-rc1"
| #define STDC_HEADERS 1
| #define HAVE_SYS_TYPES_H 1
| #define HAVE_SYS_STAT_H 1
| #define HAVE_STDLIB_H 1
| #define HAVE_STRING_H 1
| #define HAVE_MEMORY_H 1
| #define HAVE_STRINGS_H 1
| #define HAVE_INTTYPES_H 1
| #define HAVE_STDINT_H 1
| #define HAVE_UNISTD_H 1
| #define HAVE_DLFCN_H 1
| #define LT_OBJDIR ".libs/"
| #define OS_LINUX 1
| /* end confdefs.h.  */
| #include <pthread.h>
|                         static void routine(void *a) { a = 0; }
|                         static void *start_routine(void *a) { return a; }
| int
| main ()
| {
| pthread_t th; pthread_attr_t attr;
|                         pthread_create(&th, 0, start_routine, 0);
|                         pthread_join(th, 0);
|                         pthread_attr_init(&attr);
|                         pthread_cleanup_push(routine, 0);
|                         pthread_cleanup_pop(0) /* ; */
|   ;
|   return 0;
| }
configure:16711: result: no
configure:16614: checking whether pthreads work with -Kthread
configure:16702: gcc -o conftest -g -O2 -Kthread   conftest.c   >&5
gcc: error: unrecognized option '-Kthread'
configure:16702: $? = 1
configure: failed program was:
| /* confdefs.h */
| #define PACKAGE_NAME "hidapi"
| #define PACKAGE_TARNAME "hidapi"
| #define PACKAGE_VERSION "0.8.0-rc1"
| #define PACKAGE_STRING "hidapi 0.8.0-rc1"
| #define PACKAGE_BUGREPORT "alan@signal11.us"
| #define PACKAGE_URL ""
| #define PACKAGE "hidapi"
| #define VERSION "0.8.0-rc1"
| #define STDC_HEADERS 1
| #define HAVE_SYS_TYPES_H 1
| #define HAVE_SYS_STAT_H 1
| #define HAVE_STDLIB_H 1
| #define HAVE_STRING_H 1
| #define HAVE_MEMORY_H 1
| #define HAVE_STRINGS_H 1
| #define HAVE_INTTYPES_H 1
| #define HAVE_STDINT_H 1
| #define HAVE_UNISTD_H 1
| #define HAVE_DLFCN_H 1
| #define LT_OBJDIR ".libs/"
| #define OS_LINUX 1
| /* end confdefs.h.  */
| #include <pthread.h>
|                         static void routine(void *a) { a = 0; }
|                         static void *start_routine(void *a) { return a; }
| int
| main ()
| {
| pthread_t th; pthread_attr_t attr;
|                         pthread_create(&th, 0, start_routine, 0);
|                         pthread_join(th, 0);
|                         pthread_attr_init(&attr);
|                         pthread_cleanup_push(routine, 0);
|                         pthread_cleanup_pop(0) /* ; */
|   ;
|   return 0;
| }
configure:16711: result: no
configure:16614: checking whether pthreads work with -kthread
configure:16702: gcc -o conftest -g -O2 -kthread   conftest.c   >&5
gcc: error: unrecognized option '-kthread'
configure:16702: $? = 1
configure: failed program was:
| /* confdefs.h */
| #define PACKAGE_NAME "hidapi"
| #define PACKAGE_TARNAME "hidapi"
| #define PACKAGE_VERSION "0.8.0-rc1"
| #define PACKAGE_STRING "hidapi 0.8.0-rc1"
| #define PACKAGE_BUGREPORT "alan@signal11.us"
| #define PACKAGE_URL ""
| #define PACKAGE "hidapi"
| #define VERSION "0.8.0-rc1"
| #define STDC_HEADERS 1
| #define HAVE_SYS_TYPES_H 1
| #define HAVE_SYS_STAT_H 1
| #define HAVE_STDLIB_H 1
| #define HAVE_STRING_H 1
| #define HAVE_MEMORY_H 1
| #define HAVE_STRINGS_H 1
| #define HAVE_INTTYPES_H 1
| #define HAVE_STDINT_H 1
| #define HAVE_UNISTD_H 1
| #define HAVE_DLFCN_H 1
| #define LT_OBJDIR ".libs/"
| #define OS_LINUX 1
| /* end confdefs.h.  */
| #include <pthread.h>
|                         static void routine(void *a) { a = 0; }
|                         static void *start_routine(void *a) { return a; }
| int
| main ()
| {
| pthread_t th; pthread_attr_t attr;
|                         pthread_create(&th, 0, start_routine, 0);
|                         pthread_join(th, 0);
|                         pthread_attr_init(&attr);
|                         pthread_cleanup_push(routine, 0);
|                         pthread_cleanup_pop(0) /* ; */
|   ;
|   return 0;
| }
configure:16711: result: no
configure:16664: checking for the pthreads library -llthread
configure:16702: gcc -o conftest -g -O2    conftest.c -llthread  >&5
/usr/bin/ld: cannot find -llthread
collect2: ld returned 1 exit status
configure:16702: $? = 1
configure: failed program was:
| /* confdefs.h */
| #define PACKAGE_NAME "hidapi"
| #define PACKAGE_TARNAME "hidapi"
| #define PACKAGE_VERSION "0.8.0-rc1"
| #define PACKAGE_STRING "hidapi 0.8.0-rc1"
| #define PACKAGE_BUGREPORT "alan@signal11.us"
| #define PACKAGE_URL ""
| #define PACKAGE "hidapi"
| #define VERSION "0.8.0-rc1"
| #define STDC_HEADERS 1
| #define HAVE_SYS_TYPES_H 1
| #define HAVE_SYS_STAT_H 1
| #define HAVE_STDLIB_H 1
| #define HAVE_STRING_H 1
| #define HAVE_MEMORY_H 1
| #define HAVE_STRINGS_H 1
| #define HAVE_INTTYPES_H 1
| #define HAVE_STDINT_H 1
| #define HAVE_UNISTD_H 1
| #define HAVE_DLFCN_H 1
| #define LT_OBJDIR ".libs/"
| #define OS_LINUX 1
| /* end confdefs.h.  */
| #include <pthread.h>
|                         static void routine(void *a) { a = 0; }
|                         static void *start_routine(void *a) { return a; }
| int
| main ()
| {
| pthread_t th; pthread_attr_t attr;
|                         pthread_create(&th, 0, start_routine, 0);
|                         pthread_join(th, 0);
|                         pthread_attr_init(&attr);
|                         pthread_cleanup_push(routine, 0);
|                         pthread_cleanup_pop(0) /* ; */
|   ;
|   return 0;
| }
configure:16711: result: no
configure:16614: checking whether pthreads work with -pthread
configure:16702: gcc -o conftest -g -O2 -pthread   conftest.c   >&5
configure:16702: $? = 0
configure:16711: result: yes
configure:16730: checking for joinable pthread attribute
configure:16745: gcc -o conftest -g -O2 -pthread   conftest.c   >&5
configure:16745: $? = 0
configure:16751: result: PTHREAD_CREATE_JOINABLE
configure:16761: checking if more special flags are required for pthreads
configure:16775: result: no
configure:16781: checking for PTHREAD_PRIO_INHERIT
configure:16799: gcc -o conftest -g -O2 -pthread   conftest.c   >&5
conftest.c: In function 'main':
conftest.c:29:9: error: 'PTHREAD_PRIO_INHERIT' undeclared (first use in this function)
conftest.c:29:9: note: each undeclared identifier is reported only once for each function it appears in
configure:16799: $? = 1
configure: failed program was:
| /* confdefs.h */
| #define PACKAGE_NAME "hidapi"
| #define PACKAGE_TARNAME "hidapi"
| #define PACKAGE_VERSION "0.8.0-rc1"
| #define PACKAGE_STRING "hidapi 0.8.0-rc1"
| #define PACKAGE_BUGREPORT "alan@signal11.us"
| #define PACKAGE_URL ""
| #define PACKAGE "hidapi"
| #define VERSION "0.8.0-rc1"
| #define STDC_HEADERS 1
| #define HAVE_SYS_TYPES_H 1
| #define HAVE_SYS_STAT_H 1
| #define HAVE_STDLIB_H 1
| #define HAVE_STRING_H 1
| #define HAVE_MEMORY_H 1
| #define HAVE_STRINGS_H 1
| #define HAVE_INTTYPES_H 1
| #define HAVE_STDINT_H 1
| #define HAVE_UNISTD_H 1
| #define HAVE_DLFCN_H 1
| #define LT_OBJDIR ".libs/"
| #define OS_LINUX 1
| /* end confdefs.h.  */
| 
|                     #include <pthread.h>
| int
| main ()
| {
| int i = PTHREAD_PRIO_INHERIT;
|   ;
|   return 0;
| }
configure:16808: result: no
configure:17305: creating ./config.status

## ---------------------- ##
## Running config.status. ##
## ---------------------- ##

This file was extended by hidapi config.status 0.8.0-rc1, which was
generated by GNU Autoconf 2.68.  Invocation command line was

  CONFIG_FILES    = 
  CONFIG_HEADERS  = 
  CONFIG_LINKS    = 
  CONFIG_COMMANDS = 
  $ ./config.status 

on grunt

config.status:1203: creating pc/hidapi-hidraw.pc
config.status:1203: creating pc/hidapi-libusb.pc
config.status:1203: creating Makefile
config.status:1203: creating hidtest/Makefile
config.status:1203: creating libusb/Makefile
config.status:1203: creating linux/Makefile
config.status:1203: creating mac/Makefile
config.status:1203: creating testgui/Makefile
config.status:1203: creating windows/Makefile
config.status:1203: creating config.h
config.status:1384: config.h is unchanged
config.status:1432: executing depfiles commands
config.status:1432: executing libtool commands

## ---------------- ##
## Cache variables. ##
## ---------------- ##

ac_cv_build=x86_64-unknown-linux-gnu
ac_cv_c_compiler_gnu=yes
ac_cv_cxx_compiler_gnu=yes
ac_cv_env_CCC_set=
ac_cv_env_CCC_value=
ac_cv_env_CC_set=
ac_cv_env_CC_value=
ac_cv_env_CFLAGS_set=
ac_cv_env_CFLAGS_value=
ac_cv_env_CPPFLAGS_set=
ac_cv_env_CPPFLAGS_value=
ac_cv_env_CPP_set=
ac_cv_env_CPP_value=
ac_cv_env_CXXCPP_set=
ac_cv_env_CXXCPP_value=
ac_cv_env_CXXFLAGS_set=
ac_cv_env_CXXFLAGS_value=
ac_cv_env_CXX_set=
ac_cv_env_CXX_value=
ac_cv_env_LDFLAGS_set=
ac_cv_env_LDFLAGS_value=
ac_cv_env_LIBS_set=
ac_cv_env_LIBS_value=
ac_cv_env_OBJCFLAGS_set=
ac_cv_env_OBJCFLAGS_value=
ac_cv_env_OBJC_set=
ac_cv_env_OBJC_value=
ac_cv_env_PKG_CONFIG_set=
ac_cv_env_PKG_CONFIG_value=
ac_cv_env_build_alias_set=
ac_cv_env_build_alias_value=
ac_cv_env_fox_CFLAGS_set=
ac_cv_env_fox_CFLAGS_value=
ac_cv_env_fox_LIBS_set=
ac_cv_env_fox_LIBS_value=
ac_cv_env_host_alias_set=
ac_cv_env_host_alias_value=
ac_cv_env_libudev_CFLAGS_set=
ac_cv_env_libudev_CFLAGS_value=
ac_cv_env_libudev_LIBS_set=
ac_cv_env_libudev_LIBS_value=
ac_cv_env_libusb_CFLAGS_set=
ac_cv_env_libusb_CFLAGS_value=
ac_cv_env_libusb_LIBS_set=
ac_cv_env_libusb_LIBS_value=
ac_cv_env_target_alias_set=
ac_cv_env_target_alias_value=
ac_cv_header_dlfcn_h=yes
ac_cv_header_inttypes_h=yes
ac_cv_header_memory_h=yes
ac_cv_header_stdc=yes
ac_cv_header_stdint_h=yes
ac_cv_header_stdlib_h=yes
ac_cv_header_string_h=yes
ac_cv_header_strings_h=yes
ac_cv_header_sys_stat_h=yes
ac_cv_header_sys_types_h=yes
ac_cv_header_unistd_h=yes
ac_cv_host=x86_64-unknown-linux-gnu
ac_cv_lib_rt_clock_gettime=yes
ac_cv_objc_compiler_gnu=no
ac_cv_objext=o
ac_cv_path_EGREP='/bin/grep -E'
ac_cv_path_FGREP='/bin/grep -F'
ac_cv_path_GREP=/bin/grep
ac_cv_path_SED=/bin/sed
ac_cv_path_ac_pt_PKG_CONFIG=/usr/bin/pkg-config
ac_cv_path_install='/usr/bin/install -c'
ac_cv_path_mkdir=/bin/mkdir
ac_cv_prog_AWK=gawk
ac_cv_prog_CPP='gcc -E'
ac_cv_prog_CXXCPP='g++ -E'
ac_cv_prog_ac_ct_AR=ar
ac_cv_prog_ac_ct_CC=gcc
ac_cv_prog_ac_ct_CXX=g++
ac_cv_prog_ac_ct_OBJC=gcc
ac_cv_prog_ac_ct_OBJDUMP=objdump
ac_cv_prog_ac_ct_RANLIB=ranlib
ac_cv_prog_ac_ct_STRIP=strip
ac_cv_prog_cc_c89=
ac_cv_prog_cc_g=yes
ac_cv_prog_cxx_g=yes
ac_cv_prog_make_make_set=yes
ac_cv_prog_objc_g=no
am_cv_CC_dependencies_compiler_type=gcc3
am_cv_CXX_dependencies_compiler_type=gcc3
am_cv_OBJC_dependencies_compiler_type=gcc3
ax_cv_PTHREAD_PRIO_INHERIT=no
lt_cv_ar_at_file=@
lt_cv_archive_cmds_need_lc=no
lt_cv_deplibs_check_method=pass_all
lt_cv_file_magic_cmd='$MAGIC_CMD'
lt_cv_file_magic_test_file=
lt_cv_ld_reload_flag=-r
lt_cv_nm_interface='BSD nm'
lt_cv_objdir=.libs
lt_cv_path_LD=/usr/bin/ld
lt_cv_path_LDCXX='/usr/bin/ld -m elf_x86_64'
lt_cv_path_NM='/usr/bin/nm -B'
lt_cv_path_mainfest_tool=no
lt_cv_prog_compiler_c_o=yes
lt_cv_prog_compiler_c_o_CXX=yes
lt_cv_prog_compiler_pic='-fPIC -DPIC'
lt_cv_prog_compiler_pic_CXX='-fPIC -DPIC'
lt_cv_prog_compiler_pic_works=yes
lt_cv_prog_compiler_pic_works_CXX=yes
lt_cv_prog_compiler_rtti_exceptions=no
lt_cv_prog_compiler_static_works=yes
lt_cv_prog_compiler_static_works_CXX=yes
lt_cv_prog_gnu_ld=yes
lt_cv_prog_gnu_ldcxx=yes
lt_cv_sharedlib_from_linklib_cmd='printf %s\n'
lt_cv_shlibpath_overrides_runpath=no
lt_cv_sys_global_symbol_pipe='sed -n -e '\''s/^.*[	 ]\([ABCDGIRSTW][ABCDGIRSTW]*\)[	 ][	 ]*\([_A-Za-z][_A-Za-z0-9]*\)$/\1 \2 \2/p'\'' | sed '\''/ __gnu_lto/d'\'''
lt_cv_sys_global_symbol_to_c_name_address='sed -n -e '\''s/^: \([^ ]*\)[ ]*$/  {\"\1\", (void *) 0},/p'\'' -e '\''s/^[ABCDGIRSTW]* \([^ ]*\) \([^ ]*\)$/  {"\2", (void *) \&\2},/p'\'''
lt_cv_sys_global_symbol_to_c_name_address_lib_prefix='sed -n -e '\''s/^: \([^ ]*\)[ ]*$/  {\"\1\", (void *) 0},/p'\'' -e '\''s/^[ABCDGIRSTW]* \([^ ]*\) \(lib[^ ]*\)$/  {"\2", (void *) \&\2},/p'\'' -e '\''s/^[ABCDGIRSTW]* \([^ ]*\) \([^ ]*\)$/  {"lib\2", (void *) \&\2},/p'\'''
lt_cv_sys_global_symbol_to_cdecl='sed -n -e '\''s/^T .* \(.*\)$/extern int \1();/p'\'' -e '\''s/^[ABCDGIRSTW]* .* \(.*\)$/extern char \1;/p'\'''
lt_cv_sys_max_cmd_len=1572864
lt_cv_to_host_file_cmd=func_convert_file_noop
lt_cv_to_tool_file_cmd=func_convert_file_noop
pkg_cv_libudev_CFLAGS=' '
pkg_cv_libudev_LIBS='-ludev -lrt  '
pkg_cv_libusb_CFLAGS='-I/usr/include/libusb-1.0  '
pkg_cv_libusb_LIBS='-lusb-1.0  '

## ----------------- ##
## Output variables. ##
## ----------------- ##

ACLOCAL='${SHELL} /home/paul/xfer_grunt/bootloader_an1388/pic32usb1388_v1.0/hidapi/hidapi/missing --run aclocal-1.11'
AMDEPBACKSLASH='\'
AMDEP_FALSE='#'
AMDEP_TRUE=''
AMTAR='${SHELL} /home/paul/xfer_grunt/bootloader_an1388/pic32usb1388_v1.0/hidapi/hidapi/missing --run tar'
AM_BACKSLASH='\'
AM_DEFAULT_VERBOSITY='0'
AR='ar'
AUTOCONF='${SHELL} /home/paul/xfer_grunt/bootloader_an1388/pic32usb1388_v1.0/hidapi/hidapi/missing --run autoconf'
AUTOHEADER='${SHELL} /home/paul/xfer_grunt/bootloader_an1388/pic32usb1388_v1.0/hidapi/hidapi/missing --run autoheader'
AUTOMAKE='${SHELL} /home/paul/xfer_grunt/bootloader_an1388/pic32usb1388_v1.0/hidapi/hidapi/missing --run automake-1.11'
AWK='gawk'
BUILD_TESTGUI_FALSE=''
BUILD_TESTGUI_TRUE='#'
CC='gcc'
CCDEPMODE='depmode=gcc3'
CFLAGS='-g -O2'
CFLAGS_HIDRAW='  '
CFLAGS_LIBUSB=' -I/usr/include/libusb-1.0   -pthread'
CFLAGS_TESTGUI=''
CPP='gcc -E'
CPPFLAGS=''
CXX='g++'
CXXCPP='g++ -E'
CXXDEPMODE='depmode=gcc3'
CXXFLAGS='-g -O2'
CYGPATH_W='echo'
DEFS='-DHAVE_CONFIG_H'
DEPDIR='.deps'
DLLTOOL='false'
DSYMUTIL=''
DUMPBIN=''
ECHO_C=''
ECHO_N='-n'
ECHO_T=''
EGREP='/bin/grep -E'
EXEEXT=''
FGREP='/bin/grep -F'
GREP='/bin/grep'
INSTALL_DATA='${INSTALL} -m 644'
INSTALL_PROGRAM='${INSTALL}'
INSTALL_SCRIPT='${INSTALL}'
INSTALL_STRIP_PROGRAM='$(install_sh) -c -s'
LD='/usr/bin/ld -m elf_x86_64'
LDFLAGS=''
LIBOBJS=''
LIBS=''
LIBS_HIDRAW='  -ludev -lrt  '
LIBS_LIBUSB='   -lrt -lusb-1.0  '
LIBS_TESTGUI=''
LIBTOOL='$(SHELL) $(top_builddir)/libtool'
LIPO=''
LN_S='ln -s'
LTLDFLAGS='-version-info 0:0:0'
LTLIBOBJS=''
MAKEINFO='${SHELL} /home/paul/xfer_grunt/bootloader_an1388/pic32usb1388_v1.0/hidapi/hidapi/missing --run makeinfo'
MANIFEST_TOOL=':'
MKDIR_P='/bin/mkdir -p'
NM='/usr/bin/nm -B'
NMEDIT=''
OBJC='gcc'
OBJCDEPMODE='depmode=gcc3'
OBJCFLAGS=''
OBJDUMP='objdump'
OBJEXT='o'
OS_DARWIN=''
OS_DARWIN_FALSE=''
OS_DARWIN_TRUE='#'
OS_FREEBSD=''
OS_FREEBSD_FALSE=''
OS_FREEBSD_TRUE='#'
OS_LINUX=''
OS_LINUX_FALSE='#'
OS_LINUX_TRUE=''
OS_WINDOWS=''
OS_WINDOWS_FALSE=''
OS_WINDOWS_TRUE='#'
OTOOL64=''
OTOOL=''
PACKAGE='hidapi'
PACKAGE_BUGREPORT='alan@signal11.us'
PACKAGE_NAME='hidapi'
PACKAGE_STRING='hidapi 0.8.0-rc1'
PACKAGE_TARNAME='hidapi'
PACKAGE_URL=''
PACKAGE_VERSION='0.8.0-rc1'
PATH_SEPARATOR=':'
PKG_CONFIG='/usr/bin/pkg-config'
PTHREAD_CC='gcc'
PTHREAD_CFLAGS='-pthread'
PTHREAD_LIBS=''
RANLIB='ranlib'
SED='/bin/sed'
SET_MAKE=''
SHELL='/bin/sh'
STRIP='strip'
VERSION='0.8.0-rc1'
ac_ct_AR='ar'
ac_ct_CC='gcc'
ac_ct_CXX='g++'
ac_ct_DUMPBIN=''
ac_ct_OBJC='gcc'
am__EXEEXT_FALSE=''
am__EXEEXT_TRUE='#'
am__fastdepCC_FALSE='#'
am__fastdepCC_TRUE=''
am__fastdepCXX_FALSE='#'
am__fastdepCXX_TRUE=''
am__fastdepOBJC_FALSE='#'
am__fastdepOBJC_TRUE=''
am__include='include'
am__isrc=''
am__leading_dot='.'
am__quote=''
am__tar='${AMTAR} chof - "$$tardir"'
am__untar='${AMTAR} xf -'
ax_pthread_config=''
backend='linux'
bindir='${exec_prefix}/bin'
build='x86_64-unknown-linux-gnu'
build_alias=''
build_cpu='x86_64'
build_os='linux-gnu'
build_vendor='unknown'
datadir='${datarootdir}'
datarootdir='${prefix}/share'
docdir='${datarootdir}/doc/${PACKAGE_TARNAME}'
dvidir='${docdir}'
exec_prefix='${prefix}'
fox_CFLAGS=''
fox_LIBS=''
foxconfig=''
host='x86_64-unknown-linux-gnu'
host_alias=''
host_cpu='x86_64'
host_os='linux-gnu'
host_vendor='unknown'
htmldir='${docdir}'
includedir='${prefix}/include'
infodir='${datarootdir}/info'
install_sh='${SHELL} /home/paul/xfer_grunt/bootloader_an1388/pic32usb1388_v1.0/hidapi/hidapi/install-sh'
libdir='${exec_prefix}/lib'
libexecdir='${exec_prefix}/libexec'
libudev_CFLAGS=' '
libudev_LIBS='-ludev -lrt  '
libusb_CFLAGS='-I/usr/include/libusb-1.0  '
libusb_LIBS='-lusb-1.0  '
localedir='${datarootdir}/locale'
localstatedir='${prefix}/var'
mandir='${datarootdir}/man'
mkdir_p='/bin/mkdir -p'
oldincludedir='/usr/include'
pdfdir='${docdir}'
prefix='/usr'
program_transform_name='s,x,x,'
psdir='${docdir}'
sbindir='${exec_prefix}/sbin'
sharedstatedir='${prefix}/com'
sysconfdir='${prefix}/etc'
target_alias=''

## ----------- ##
## confdefs.h. ##
## ----------- ##

/* confdefs.h */
#define PACKAGE_NAME "hidapi"
#define PACKAGE_TARNAME "hidapi"
#define PACKAGE_VERSION "0.8.0-rc1"
#define PACKAGE_STRING "hidapi 0.8.0-rc1"
#define PACKAGE_BUGREPORT "alan@signal11.us"
#define PACKAGE_URL ""
#define PACKAGE "hidapi"
#define VERSION "0.8.0-rc1"
#define STDC_HEADERS 1
#define HAVE_SYS_TYPES_H 1
#define HAVE_SYS_STAT_H 1
#define HAVE_STDLIB_H 1
#define HAVE_STRING_H 1
#define HAVE_MEMORY_H 1
#define HAVE_STRINGS_H 1
#define HAVE_INTTYPES_H 1
#define HAVE_STDINT_H 1
#define HAVE_UNISTD_H 1
#define HAVE_DLFCN_H 1
#define LT_OBJDIR ".libs/"
#define OS_LINUX 1

configure: exit 0
